<?xml version="1.0" encoding="UTF-8"?>
<!-- Generated by org.testng.reporters.JUnitXMLReporter -->
<testsuite hostname="DESKTOP-GLNMHU4" ignored="0" name="Default test" tests="3" failures="0" timestamp="15 Jul 2018 14:18:06 GMT" time="92.856" errors="0">
  <testcase name="addingItemsInTheCartAfterLogin" time="12.746" classname="tests.TestScenario"/>
  <testcase name="removingSecondItemFromTheCart" time="7.27" classname="tests.TestScenario"/>
  <testcase name="proceedToCheckoutAndAddAddress" time="11.876" classname="tests.TestScenario"/>
</testsuite> <!-- Default test -->
