<?xml version="1.0" encoding="UTF-8"?>
<!-- Generated by org.testng.reporters.JUnitXMLReporter -->
<testsuite hostname="SHI58495EU1765E" name="Test" tests="1" failures="0" timestamp="13 Jul 2018 17:52:42 GMT" time="11.418" errors="0">
  <testcase name="@BeforeMethod beforeMethod" time="0.0" classname="tests.TestScenario">
    <failure type="org.openqa.selenium.WebDriverException" message="Target URL firefox is not well-formed.
Command duration or timeout: 14 milliseconds
Build info: version: &amp;apos;2.53.1&amp;apos;, revision: &amp;apos;a36b8b1cd5757287168e54b817830adce9b0158d&amp;apos;, time: &amp;apos;2016-06-30 19:26:09&amp;apos;
System info: host: &amp;apos;SHI58495EU1765E&amp;apos;, ip: &amp;apos;192.168.1.8&amp;apos;, os.name: &amp;apos;Windows 7&amp;apos;, os.arch: &amp;apos;amd64&amp;apos;, os.version: &amp;apos;6.1&amp;apos;, java.version: &amp;apos;1.8.0_11&amp;apos;
Driver info: org.openqa.selenium.firefox.FirefoxDriver
Capabilities [{applicationCacheEnabled=true, rotatable=false, handlesAlerts=true, databaseEnabled=true, version=41.0.2, platform=WINDOWS, nativeEvents=false, acceptSslCerts=true, webStorageEnabled=true, locationContextEnabled=true, browserName=firefox, takesScreenshot=true, javascriptEnabled=true, cssSelectorsEnabled=true}]
Session ID: 866efc90-531c-4540-bd97-089aa84db209">
      <![CDATA[org.openqa.selenium.WebDriverException: Target URL firefox is not well-formed.
Command duration or timeout: 14 milliseconds
Build info: version: '2.53.1', revision: 'a36b8b1cd5757287168e54b817830adce9b0158d', time: '2016-06-30 19:26:09'
System info: host: 'SHI58495EU1765E', ip: '192.168.1.8', os.name: 'Windows 7', os.arch: 'amd64', os.version: '6.1', java.version: '1.8.0_11'
Driver info: org.openqa.selenium.firefox.FirefoxDriver
Capabilities [{applicationCacheEnabled=true, rotatable=false, handlesAlerts=true, databaseEnabled=true, version=41.0.2, platform=WINDOWS, nativeEvents=false, acceptSslCerts=true, webStorageEnabled=true, locationContextEnabled=true, browserName=firefox, takesScreenshot=true, javascriptEnabled=true, cssSelectorsEnabled=true}]
Session ID: 866efc90-531c-4540-bd97-089aa84db209
	at org.openqa.selenium.remote.ErrorHandler.createThrowable(ErrorHandler.java:206)
	at org.openqa.selenium.remote.ErrorHandler.throwIfResponseFailed(ErrorHandler.java:158)
	at org.openqa.selenium.remote.RemoteWebDriver.execute(RemoteWebDriver.java:678)
	at org.openqa.selenium.remote.RemoteWebDriver.get(RemoteWebDriver.java:316)
	at pages.PageBase.openBrowser(PageBase.java:36)
	at pages.PageBase.initializeWebDriver(PageBase.java:57)
	at tests.TestScenario.beforeMethod(TestScenario.java:21)
Caused by: org.openqa.selenium.WebDriverException: Target URL firefox is not well-formed.
Build info: version: '2.53.1', revision: 'a36b8b1cd5757287168e54b817830adce9b0158d', time: '2016-06-30 19:26:09'
System info: host: 'SHI58495EU1765E', ip: '192.168.1.8', os.name: 'Windows 7', os.arch: 'amd64', os.version: '6.1', java.version: '1.8.0_11'
Driver info: driver.version: unknown
	at <anonymous class>.FirefoxDriver.prototype.get(file:///C:/Users/atonk/AppData/Local/Temp/anonymous461870311654774756webdriver-profile/extensions/fxdriver@googlecode.com/components/driver-component.js:10636)
	at <anonymous class>.DelayedCommand.prototype.executeInternal_/h(file:///C:/Users/atonk/AppData/Local/Temp/anonymous461870311654774756webdriver-profile/extensions/fxdriver@googlecode.com/components/command-processor.js:12661)
	at <anonymous class>.DelayedCommand.prototype.executeInternal_(file:///C:/Users/atonk/AppData/Local/Temp/anonymous461870311654774756webdriver-profile/extensions/fxdriver@googlecode.com/components/command-processor.js:12666)
	at <anonymous class>.DelayedCommand.prototype.execute/<(file:///C:/Users/atonk/AppData/Local/Temp/anonymous461870311654774756webdriver-profile/extensions/fxdriver@googlecode.com/components/command-processor.js:12608)
... Removed 30 stack frames]]>
    </failure>
  </testcase> <!-- @BeforeMethod beforeMethod -->
  <testcase name="@AfterMethod afterMethod" time="0.0" classname="tests.TestScenario">
    <skipped/>
  </testcase> <!-- @AfterMethod afterMethod -->
  <testcase name="addingItemsInTheCart" time="0.002" classname="tests.TestScenario">
    <skipped/>
  </testcase> <!-- addingItemsInTheCart -->
</testsuite> <!-- Test -->
