<?xml version="1.0" encoding="UTF-8"?>
<testng-results skipped="0" failed="0" ignored="0" total="3" passed="3">
  <reporter-output>
  </reporter-output>
  <suite name="Default suite" duration-ms="92856" started-at="2018-07-15T14:16:33Z" finished-at="2018-07-15T14:18:06Z">
    <groups>
    </groups>
    <test name="Default test" duration-ms="92856" started-at="2018-07-15T14:16:33Z" finished-at="2018-07-15T14:18:06Z">
      <class name="tests.TestScenario">
        <test-method status="PASS" signature="beforeSuite()[pri:0, instance:tests.TestScenario@61832929]" name="beforeSuite" is-config="true" duration-ms="16" started-at="2018-07-15T14:16:33Z" finished-at="2018-07-15T14:16:33Z">
          <reporter-output>
          </reporter-output>
        </test-method> <!-- beforeSuite -->
        <test-method status="PASS" signature="beforeClass()[pri:0, instance:tests.TestScenario@61832929]" name="beforeClass" is-config="true" duration-ms="1" started-at="2018-07-15T14:16:33Z" finished-at="2018-07-15T14:16:33Z">
          <reporter-output>
          </reporter-output>
        </test-method> <!-- beforeClass -->
        <test-method status="PASS" signature="beforeMethod()[pri:0, instance:tests.TestScenario@61832929]" name="beforeMethod" is-config="true" duration-ms="18570" started-at="2018-07-15T14:16:33Z" finished-at="2018-07-15T14:16:52Z">
          <reporter-output>
          </reporter-output>
        </test-method> <!-- beforeMethod -->
        <test-method status="PASS" signature="addingItemsInTheCartAfterLogin()[pri:0, instance:tests.TestScenario@61832929]" name="addingItemsInTheCartAfterLogin" duration-ms="12746" started-at="2018-07-15T14:16:52Z" finished-at="2018-07-15T14:17:04Z">
          <reporter-output>
          </reporter-output>
        </test-method> <!-- addingItemsInTheCartAfterLogin -->
        <test-method status="PASS" signature="afterMethod()[pri:0, instance:tests.TestScenario@61832929]" name="afterMethod" is-config="true" duration-ms="2228" started-at="2018-07-15T14:17:04Z" finished-at="2018-07-15T14:17:07Z">
          <reporter-output>
          </reporter-output>
        </test-method> <!-- afterMethod -->
        <test-method status="PASS" signature="beforeMethod()[pri:0, instance:tests.TestScenario@61832929]" name="beforeMethod" is-config="true" duration-ms="16773" started-at="2018-07-15T14:17:07Z" finished-at="2018-07-15T14:17:23Z">
          <reporter-output>
          </reporter-output>
        </test-method> <!-- beforeMethod -->
        <test-method status="PASS" signature="removingSecondItemFromTheCart()[pri:0, instance:tests.TestScenario@61832929]" name="removingSecondItemFromTheCart" duration-ms="7270" started-at="2018-07-15T14:17:23Z" depends-on-methods="tests.TestScenario.addingItemsInTheCartAfterLogin" finished-at="2018-07-15T14:17:31Z">
          <reporter-output>
          </reporter-output>
        </test-method> <!-- removingSecondItemFromTheCart -->
        <test-method status="PASS" signature="afterMethod()[pri:0, instance:tests.TestScenario@61832929]" name="afterMethod" is-config="true" duration-ms="4589" started-at="2018-07-15T14:17:31Z" finished-at="2018-07-15T14:17:35Z">
          <reporter-output>
          </reporter-output>
        </test-method> <!-- afterMethod -->
        <test-method status="PASS" signature="beforeMethod()[pri:0, instance:tests.TestScenario@61832929]" name="beforeMethod" is-config="true" duration-ms="16219" started-at="2018-07-15T14:17:35Z" finished-at="2018-07-15T14:17:52Z">
          <reporter-output>
          </reporter-output>
        </test-method> <!-- beforeMethod -->
        <test-method status="PASS" signature="proceedToCheckoutAndAddAddress()[pri:0, instance:tests.TestScenario@61832929]" name="proceedToCheckoutAndAddAddress" duration-ms="11876" started-at="2018-07-15T14:17:52Z" depends-on-methods="tests.TestScenario.removingSecondItemFromTheCart, tests.TestScenario.addingItemsInTheCartAfterLogin" finished-at="2018-07-15T14:18:03Z">
          <reporter-output>
          </reporter-output>
        </test-method> <!-- proceedToCheckoutAndAddAddress -->
        <test-method status="PASS" signature="afterMethod()[pri:0, instance:tests.TestScenario@61832929]" name="afterMethod" is-config="true" duration-ms="2558" started-at="2018-07-15T14:18:03Z" finished-at="2018-07-15T14:18:06Z">
          <reporter-output>
          </reporter-output>
        </test-method> <!-- afterMethod -->
      </class> <!-- tests.TestScenario -->
    </test> <!-- Default test -->
  </suite> <!-- Default suite -->
</testng-results>
